2025-08-24 13:39:39,317 - werkzeug - WARNING -  * Debugger is active!
2025-08-24 13:39:39,319 - werkzeug - INFO -  * Debugger PIN: 122-411-984
2025-08-24 13:39:42,571 - root - INFO - StressLevelDataset.csv
2025-08-24 13:39:42,602 - root - INFO - Transformed test data shape: (1100, 10)
2025-08-24 13:39:42,769 - werkzeug - INFO - 127.0.0.1 - - [24/Aug/2025 13:39:42] "POST /download_the_predicts_file HTTP/1.1" 200 -
2025-08-24 13:39:42,797 - werkzeug - INFO - 127.0.0.1 - - [24/Aug/2025 13:39:42] "GET /download_pred_file HTTP/1.1" 200 -
2025-08-24 13:41:36,564 - root - INFO - DATA INGESTION STARTED
2025-08-24 13:41:36,635 - root - INFO - Shape of the data is (8124, 23)
2025-08-24 13:41:36,635 - root - INFO - Categorical columns are ['class', 'cap-shape', 'cap-surface', 'cap-color', 'bruises', 'odor', 'gill-attachment', 'gill-spacing', 'gill-size', 'gill-color', 'stalk-shape', 'stalk-root', 'stalk-surface-above-ring', 'stalk-surface-below-ring', 'stalk-color-above-ring', 'stalk-color-below-ring', 'veil-type', 'veil-color', 'ring-number', 'ring-type', 'spore-print-color', 'population', 'habitat']
2025-08-24 13:41:36,721 - root - INFO - DATA INGESTION COMPLETED
2025-08-24 13:41:36,724 - root - INFO - Handling X_train started
2025-08-24 13:41:36,792 - root - INFO - 0       1
1       0
2       0
3       1
4       0
       ..
8119    0
8120    0
8121    0
8122    1
8123    0
Length: 8124, dtype: int64
2025-08-24 13:41:36,836 - root - INFO - Feature engineering started
2025-08-24 13:41:36,877 - root - INFO - Outlier handling completed
2025-08-24 13:41:36,879 - root - INFO - corel started
2025-08-24 13:41:36,883 - root - INFO - []
2025-08-24 13:41:36,887 - root - INFO - sorted features []
2025-08-24 13:41:36,888 - root - INFO - inpendepnedt featrues []
2025-08-24 13:41:36,889 - root - INFO - {}
2025-08-24 13:41:36,891 - root - INFO -  final features []
2025-08-24 13:41:36,891 - root - INFO - []
2025-08-24 13:41:37,028 - root - INFO - ['cap-shape_b', 'cap-shape_c', 'cap-shape_f', 'cap-shape_k', 'cap-shape_s', 'cap-shape_x', 'cap-surface_f', 'cap-surface_g', 'cap-surface_s', 'cap-surface_y', 'cap-color_b', 'cap-color_c', 'cap-color_e', 'cap-color_g', 'cap-color_n', 'cap-color_p', 'cap-color_r', 'cap-color_u', 'cap-color_w', 'cap-color_y', 'bruises_f', 'bruises_t', 'odor_a', 'odor_c', 'odor_f', 'odor_l', 'odor_m', 'odor_n', 'odor_p', 'odor_s', 'odor_y', 'gill-attachment_a', 'gill-attachment_f', 'gill-spacing_c', 'gill-spacing_w', 'gill-size_b', 'gill-size_n', 'gill-color_b', 'gill-color_e', 'gill-color_g', 'gill-color_h', 'gill-color_k', 'gill-color_n', 'gill-color_o', 'gill-color_p', 'gill-color_r', 'gill-color_u', 'gill-color_w', 'gill-color_y', 'stalk-shape_e', 'stalk-shape_t', 'stalk-root_?', 'stalk-root_b', 'stalk-root_c', 'stalk-root_e', 'stalk-root_r', 'stalk-surface-above-ring_f', 'stalk-surface-above-ring_k', 'stalk-surface-above-ring_s', 'stalk-surface-above-ring_y', 'stalk-surface-below-ring_f', 'stalk-surface-below-ring_k', 'stalk-surface-below-ring_s', 'stalk-surface-below-ring_y', 'stalk-color-above-ring_b', 'stalk-color-above-ring_c', 'stalk-color-above-ring_e', 'stalk-color-above-ring_g', 'stalk-color-above-ring_n', 'stalk-color-above-ring_o', 'stalk-color-above-ring_p', 'stalk-color-above-ring_w', 'stalk-color-above-ring_y', 'stalk-color-below-ring_b', 'stalk-color-below-ring_c', 'stalk-color-below-ring_e', 'stalk-color-below-ring_g', 'stalk-color-below-ring_n', 'stalk-color-below-ring_o', 'stalk-color-below-ring_p', 'stalk-color-below-ring_w', 'stalk-color-below-ring_y', 'veil-type_p', 'veil-color_n', 'veil-color_o', 'veil-color_w', 'veil-color_y', 'ring-number_n', 'ring-number_o', 'ring-number_t', 'ring-type_e', 'ring-type_f', 'ring-type_l', 'ring-type_n', 'ring-type_p', 'spore-print-color_b', 'spore-print-color_h', 'spore-print-color_k', 'spore-print-color_n', 'spore-print-color_o', 'spore-print-color_r', 'spore-print-color_u', 'spore-print-color_w', 'spore-print-color_y', 'population_a', 'population_c', 'population_n', 'population_s', 'population_v', 'population_y', 'habitat_d', 'habitat_g', 'habitat_l', 'habitat_m', 'habitat_p', 'habitat_u', 'habitat_w']
2025-08-24 13:41:37,169 - root - INFO - 0       0
1       0
2       0
3       0
4       0
       ..
6494    1
6495    1
6496    1
6497    1
6498    1
Length: 6499, dtype: int64
2025-08-24 13:41:38,101 - root - INFO - vif done
2025-08-24 13:41:38,155 - root - INFO - Transformed test data shape: (1625, 117)
2025-08-24 13:41:38,601 - root - INFO - Data transformation completed. X_train shape: (6499, 22), y_train shape: (6499,), X_test shape: (1625, 22), y_test shape: (1625,)
2025-08-24 13:41:38,601 - root - INFO - Transformed data saved to transformed.csv
2025-08-24 13:41:38,663 - root - INFO - Training data shape: (6499, 117), Test data shape: (1625, 117)
2025-08-24 13:41:38,663 - root - INFO - Training labels shape: (6499,), Test labels shape: (1625,)
2025-08-24 13:41:38,664 - root - INFO - Training classification models...
2025-08-24 13:41:42,965 - root - INFO - Hyperparameter tuning for the best model...
2025-08-24 13:41:42,965 - root - INFO - Best model: Decision_Tree with score: 1.0
2025-08-24 13:41:43,571 - werkzeug - INFO - 127.0.0.1 - - [24/Aug/2025 13:41:43] "GET /metrics HTTP/1.1" 200 -
2025-08-24 13:42:03,441 - root - INFO - {'cap-shape': 'x', 'cap-surface': 'y', 'cap-color': 'n', 'bruises': 'f', 'odor': 'n', 'gill-attachment': 'f', 'gill-spacing': 'c', 'gill-size': 'b', 'gill-color': 'b', 'stalk-shape': 't', 'stalk-root': 'b', 'stalk-surface-above-ring': 's', 'stalk-surface-below-ring': 's', 'stalk-color-above-ring': 'w', 'stalk-color-below-ring': 'w', 'veil-type': 'p', 'veil-color': 'w', 'ring-number': 'o', 'ring-type': 'p', 'spore-print-color': 'w', 'population': 'v', 'habitat': 'd'}
2025-08-24 13:42:03,442 - root - INFO - {'clf': {'0': {'precision': 1.0, 'recall': 1.0, 'f1-score': 1.0, 'support': 843.0}, '1': {'precision': 1.0, 'recall': 1.0, 'f1-score': 1.0, 'support': 782.0}, 'accuracy': 1.0, 'macro avg': {'precision': 1.0, 'recall': 1.0, 'f1-score': 1.0, 'support': 1625.0}, 'weighted avg': {'precision': 1.0, 'recall': 1.0, 'f1-score': 1.0, 'support': 1625.0}}}
2025-08-24 13:42:03,443 - root - INFO - None
2025-08-24 13:42:03,445 - werkzeug - INFO - 127.0.0.1 - - [24/Aug/2025 13:42:03] "POST /Predict_csv_file/class/classification HTTP/1.1" 200 -
2025-08-24 13:42:06,024 - werkzeug - INFO - 127.0.0.1 - - [24/Aug/2025 13:42:06] "GET /download_the_tuned_model HTTP/1.1" 200 -
2025-08-24 13:42:06,856 - werkzeug - INFO - 127.0.0.1 - - [24/Aug/2025 13:42:06] "GET /download_metrics HTTP/1.1" 200 -
2025-08-24 13:42:07,765 - werkzeug - INFO - 127.0.0.1 - - [24/Aug/2025 13:42:07] "GET /X_test_transformed HTTP/1.1" 200 -
2025-08-24 13:42:28,423 - root - INFO - mushrooms.csv
2025-08-24 13:42:28,552 - root - INFO - Transformed test data shape: (8124, 117)
2025-08-24 13:42:30,083 - werkzeug - INFO - 127.0.0.1 - - [24/Aug/2025 13:42:30] "POST /download_the_predicts_file HTTP/1.1" 200 -
2025-08-24 13:42:30,121 - werkzeug - INFO - 127.0.0.1 - - [24/Aug/2025 13:42:30] "GET /download_pred_file HTTP/1.1" 200 -
